Capture file written by TCAP 3.0, TCAP Copyright(c) 1998 Tim Kannel

C:\MASM>debug mylab1.exe
-r
AX=0000  BX=0000  CX=0021  DX=0000  SP=0000  BP=0000  SI=0000  DI=0000  
DS=0E2B  ES=0E2B  SS=0E3B  CS=0E3B  IP=0000   NV UP EI PL NZ NA PO NC 
0E3B:0000 B8D204        MOV     AX,04D2                            
-t

AX=04D2  BX=0000  CX=0021  DX=0000  SP=0000  BP=0000  SI=0000  DI=0000  
DS=0E2B  ES=0E2B  SS=0E3B  CS=0E3B  IP=0003   NV UP EI PL NZ NA PO NC 
0E3B:0003 BB3412        MOV     BX,1234                            
-t

AX=04D2  BX=1234  CX=0021  DX=0000  SP=0000  BP=0000  SI=0000  DI=0000  
DS=0E2B  ES=0E2B  SS=0E3B  CS=0E3B  IP=0006   NV UP EI PL NZ NA PO NC 
0E3B:0006 B93412        MOV     CX,1234                            
-t

AX=04D2  BX=1234  CX=1234  DX=0000  SP=0000  BP=0000  SI=0000  DI=0000  
DS=0E2B  ES=0E2B  SS=0E3B  CS=0E3B  IP=0009   NV UP EI PL NZ NA PO NC 
0E3B:0009 BACDAB        MOV     DX,ABCD                            
-t

AX=04D2  BX=1234  CX=1234  DX=ABCD  SP=0000  BP=0000  SI=0000  DI=0000  
DS=0E2B  ES=0E2B  SS=0E3B  CS=0E3B  IP=000C   NV UP EI PL NZ NA PO NC 
0E3B:000C B000          MOV     AL,00                              
-t

AX=0400  BX=1234  CX=1234  DX=ABCD  SP=0000  BP=0000  SI=0000  DI=0000  
DS=0E2B  ES=0E2B  SS=0E3B  CS=0E3B  IP=000E   NV UP EI PL NZ NA PO NC 
0E3B:000E 8AE0          MOV     AH,AL                              
-t

AX=0000  BX=1234  CX=1234  DX=ABCD  SP=0000  BP=0000  SI=0000  DI=0000  
DS=0E2B  ES=0E2B  SS=0E3B  CS=0E3B  IP=0010   NV UP EI PL NZ NA PO NC 
0E3B:0010 B712          MOV     BH,12                              
-t

AX=0000  BX=1234  CX=1234  DX=ABCD  SP=0000  BP=0000  SI=0000  DI=0000  
DS=0E2B  ES=0E2B  SS=0E3B  CS=0E3B  IP=0012   NV UP EI PL NZ NA PO NC 
0E3B:0012 B334          MOV     BL,34                              
-t

AX=0000  BX=1234  CX=1234  DX=ABCD  SP=0000  BP=0000  SI=0000  DI=0000  
DS=0E2B  ES=0E2B  SS=0E3B  CS=0E3B  IP=0014   NV UP EI PL NZ NA PO NC 
0E3B:0014 8ACF          MOV     CL,BH                              
-t

AX=0000  BX=1234  CX=1212  DX=ABCD  SP=0000  BP=0000  SI=0000  DI=0000  
DS=0E2B  ES=0E2B  SS=0E3B  CS=0E3B  IP=0016   NV UP EI PL NZ NA PO NC 
0E3B:0016 8AE9          MOV     CH,CL                              
-t

AX=0000  BX=1234  CX=1212  DX=ABCD  SP=0000  BP=0000  SI=0000  DI=0000  
DS=0E2B  ES=0E2B  SS=0E3B  CS=0E3B  IP=0018   NV UP EI PL NZ NA PO NC 
0E3B:0018 8AD0          MOV     DL,AL                              
-t

AX=0000  BX=1234  CX=1212  DX=AB00  SP=0000  BP=0000  SI=0000  DI=0000  
DS=0E2B  ES=0E2B  SS=0E3B  CS=0E3B  IP=001A   NV UP EI PL NZ NA PO NC 
0E3B:001A 8AF3          MOV     DH,BL                              
-t

AX=0000  BX=1234  CX=1212  DX=3400  SP=0000  BP=0000  SI=0000  DI=0000  
DS=0E2B  ES=0E2B  SS=0E3B  CS=0E3B  IP=001C   NV UP EI PL NZ NA PO NC 
0E3B:001C B8004C        MOV     AX,4C00                            
-t

AX=4C00  BX=1234  CX=1212  DX=3400  SP=0000  BP=0000  SI=0000  DI=0000  
DS=0E2B  ES=0E2B  SS=0E3B  CS=0E3B  IP=001F   NV UP EI PL NZ NA PO NC 
0E3B:001F CD21          INT     21                                 
-q

C:\MASM>tcap/u
